<?xml version="1.0" encoding="UTF-8"?>
<testsuite name="com.niu.spring.AppTest" time="0.001" tests="1" errors="0" skipped="0" failures="0">
  <properties>
    <property name="java.runtime.name" value="Java(TM) SE Runtime Environment"/>
    <property name="sun.boot.library.path" value="D:\AllSDE\Java\jdk1.8.0_171\jre\bin"/>
    <property name="java.vm.version" value="25.171-b11"/>
    <property name="java.vm.vendor" value="Oracle Corporation"/>
    <property name="maven.multiModuleProjectDirectory" value="D:\WorkSpaceGit\spring-cloud-parent\hello-service"/>
    <property name="java.vendor.url" value="http://java.oracle.com/"/>
    <property name="path.separator" value=";"/>
    <property name="guice.disable.misplaced.annotation.check" value="true"/>
    <property name="java.vm.name" value="Java HotSpot(TM) 64-Bit Server VM"/>
    <property name="file.encoding.pkg" value="sun.io"/>
    <property name="user.script" value=""/>
    <property name="user.country" value="CN"/>
    <property name="sun.java.launcher" value="SUN_STANDARD"/>
    <property name="sun.os.patch.level" value=""/>
    <property name="java.vm.specification.name" value="Java Virtual Machine Specification"/>
    <property name="user.dir" value="D:\WorkSpaceGit\spring-cloud-parent\hello-service"/>
    <property name="java.runtime.version" value="1.8.0_171-b11"/>
    <property name="java.awt.graphicsenv" value="sun.awt.Win32GraphicsEnvironment"/>
    <property name="java.endorsed.dirs" value="D:\AllSDE\Java\jdk1.8.0_171\jre\lib\endorsed"/>
    <property name="os.arch" value="amd64"/>
    <property name="java.io.tmpdir" value="C:\Users\ami\AppData\Local\Temp\"/>
    <property name="line.separator" value="&#10;"/>
    <property name="java.vm.specification.vendor" value="Oracle Corporation"/>
    <property name="user.variant" value=""/>
    <property name="os.name" value="Windows 10"/>
    <property name="classworlds.conf" value="D:\AllSDE\apache-maven-3.3.9\bin\..\bin\m2.conf"/>
    <property name="sun.jnu.encoding" value="GBK"/>
    <property name="java.library.path" value="D:\AllSDE\Java\jdk1.8.0_171\bin;C:\WINDOWS\Sun\Java\bin;C:\WINDOWS\system32;C:\WINDOWS;D:\AllSDE\Java\jdk1.8.0_171\bin;D:\AllSDE\Python37\Scripts\;D:\AllSDE\Python37\;D:\AllSDE\Anaconda3;D:\AllSDE\Anaconda3\Library\mingw-w64\bin;D:\AllSDE\Anaconda3\Library\usr\bin;D:\AllSDE\Anaconda3\Library\bin;D:\AllSDE\Anaconda3\Scripts;D:\AllSDE\Python\Scripts\;D:\AllSDE\Python\;C:\Program Files (x86)\Common Files\Oracle\Java\javapath;C:\Program Files (x86)\Common Files\NetSarang;C:\Windows\system32;C:\Windows;C:\Windows\System32\Wbem;C:\Windows\System32\WindowsPowerShell\v1.0\;C:\Program Files (x86)\NVIDIA Corporation\PhysX\Common;C:\Program Files\Intel\WiFi\bin\;C:\Program Files\Common Files\Intel\WirelessCommon\;D:\AllSDE\Hadoop\hadoop-2.6.0\bin;C:\WINDOWS\system32;C:\WINDOWS;C:\WINDOWS\System32\Wbem;C:\WINDOWS\System32\WindowsPowerShell\v1.0\;C:\Program Files (x86)\MySQL\MySQL Server 5.5\bin;C:\Program Files\MySQL\MySQL Server 5.7\bin;D:\AllSDE\apache-maven-3.3.9\bin;C:\MinGW\bin;D:\AllSDE\Git\cmd;D:\AllSDE\gradle-4.6-bin\gradle-4.6\bin;C:\WINDOWS\System32\OpenSSH\;D:\AllSDE\nexus-3.14.0-04-win64\nexus-3.14.0-04\bin;D:\AllSDE\MySQL\MySQL Server 5.5\bin;D:\AllSDE\cygwin64\bin;C:\sqlite;D:\MongoDB\Server\4.0\bin;&quot;D:\AllSDE\zookeeper-3.4.10\bin;D:\AllSDE\zookeeper-3.4.10\conf;&quot;;&quot;D:\AllSDE\erl7.1\bin;&quot;;C:\Users\ami\AppData\Local\Microsoft\WindowsApps;C:\Users\ami\AppData\Local\GitHubDesktop\bin;C:\Users\ami\AppData\Local\Microsoft\WindowsApps;;."/>
    <property name="java.specification.name" value="Java Platform API Specification"/>
    <property name="java.class.version" value="52.0"/>
    <property name="sun.management.compiler" value="HotSpot 64-Bit Tiered Compilers"/>
    <property name="os.version" value="10.0"/>
    <property name="user.home" value="C:\Users\ami"/>
    <property name="user.timezone" value="Asia/Shanghai"/>
    <property name="java.awt.printerjob" value="sun.awt.windows.WPrinterJob"/>
    <property name="java.specification.version" value="1.8"/>
    <property name="file.encoding" value="GBK"/>
    <property name="user.name" value="ami"/>
    <property name="java.class.path" value="D:\AllSDE\apache-maven-3.3.9\bin\..\boot\plexus-classworlds-2.5.2.jar"/>
    <property name="java.vm.specification.version" value="1.8"/>
    <property name="sun.arch.data.model" value="64"/>
    <property name="java.home" value="D:\AllSDE\Java\jdk1.8.0_171\jre"/>
    <property name="sun.java.command" value="org.codehaus.plexus.classworlds.launcher.Launcher install"/>
    <property name="java.specification.vendor" value="Oracle Corporation"/>
    <property name="user.language" value="zh"/>
    <property name="awt.toolkit" value="sun.awt.windows.WToolkit"/>
    <property name="java.vm.info" value="mixed mode"/>
    <property name="java.version" value="1.8.0_171"/>
    <property name="java.ext.dirs" value="D:\AllSDE\Java\jdk1.8.0_171\jre\lib\ext;C:\WINDOWS\Sun\Java\lib\ext"/>
    <property name="sun.boot.class.path" value="D:\AllSDE\Java\jdk1.8.0_171\jre\lib\resources.jar;D:\AllSDE\Java\jdk1.8.0_171\jre\lib\rt.jar;D:\AllSDE\Java\jdk1.8.0_171\jre\lib\sunrsasign.jar;D:\AllSDE\Java\jdk1.8.0_171\jre\lib\jsse.jar;D:\AllSDE\Java\jdk1.8.0_171\jre\lib\jce.jar;D:\AllSDE\Java\jdk1.8.0_171\jre\lib\charsets.jar;D:\AllSDE\Java\jdk1.8.0_171\jre\lib\jfr.jar;D:\AllSDE\Java\jdk1.8.0_171\jre\classes"/>
    <property name="sun.stderr.encoding" value="ms936"/>
    <property name="java.vendor" value="Oracle Corporation"/>
    <property name="maven.home" value="D:\AllSDE\apache-maven-3.3.9\bin\.."/>
    <property name="file.separator" value="\"/>
    <property name="java.vendor.url.bug" value="http://bugreport.sun.com/bugreport/"/>
    <property name="sun.cpu.endian" value="little"/>
    <property name="sun.io.unicode.encoding" value="UnicodeLittle"/>
    <property name="sun.stdout.encoding" value="ms936"/>
    <property name="sun.desktop" value="windows"/>
    <property name="sun.cpu.isalist" value="amd64"/>
  </properties>
  <testcase name="shouldAnswerWithTrue" classname="com.niu.spring.AppTest" time="0.001"/>
</testsuite>